2022/03/09 21:11:16 [notice] 1#1: using the "epoll" event method
2022/03/09 21:11:16 [notice] 1#1: nginx/1.21.6
2022/03/09 21:11:16 [notice] 1#1: built by gcc 10.2.1 20210110 (Debian 10.2.1-6) 
2022/03/09 21:11:16 [notice] 1#1: OS: Linux 5.10.16.3-microsoft-standard-WSL2
2022/03/09 21:11:16 [notice] 1#1: getrlimit(RLIMIT_NOFILE): 1048576:1048576
2022/03/09 21:11:16 [notice] 1#1: start worker processes
2022/03/09 21:11:16 [notice] 1#1: start worker process 31
2022/03/09 21:11:16 [notice] 1#1: start worker process 32
2022/03/09 21:11:16 [notice] 1#1: start worker process 33
2022/03/09 21:11:16 [notice] 1#1: start worker process 34
2022/03/09 21:24:02 [notice] 1#1: signal 3 (SIGQUIT) received, shutting down
2022/03/09 21:24:02 [notice] 31#31: gracefully shutting down
2022/03/09 21:24:02 [notice] 33#33: gracefully shutting down
2022/03/09 21:24:02 [notice] 33#33: exiting
2022/03/09 21:24:02 [notice] 32#32: gracefully shutting down
2022/03/09 21:24:02 [notice] 34#34: gracefully shutting down
2022/03/09 21:24:02 [notice] 31#31: exiting
2022/03/09 21:24:02 [notice] 31#31: exit
2022/03/09 21:24:02 [notice] 33#33: exit
2022/03/09 21:24:02 [notice] 32#32: exiting
2022/03/09 21:24:02 [notice] 32#32: exit
2022/03/09 21:24:02 [notice] 34#34: exiting
2022/03/09 21:24:02 [notice] 34#34: exit
2022/03/09 21:24:02 [notice] 1#1: signal 17 (SIGCHLD) received from 31
2022/03/09 21:24:02 [notice] 1#1: worker process 31 exited with code 0
2022/03/09 21:24:02 [notice] 1#1: worker process 32 exited with code 0
2022/03/09 21:24:02 [notice] 1#1: signal 29 (SIGIO) received
2022/03/09 21:24:02 [notice] 1#1: signal 17 (SIGCHLD) received from 32
2022/03/09 21:24:02 [notice] 1#1: signal 17 (SIGCHLD) received from 33
2022/03/09 21:24:02 [notice] 1#1: worker process 33 exited with code 0
2022/03/09 21:24:02 [notice] 1#1: signal 29 (SIGIO) received
2022/03/09 21:24:02 [notice] 1#1: signal 17 (SIGCHLD) received from 34
2022/03/09 21:24:02 [notice] 1#1: worker process 34 exited with code 0
2022/03/09 21:24:02 [notice] 1#1: exit
2022/03/09 21:24:21 [notice] 1#1: using the "epoll" event method
2022/03/09 21:24:21 [notice] 1#1: nginx/1.21.6
2022/03/09 21:24:21 [notice] 1#1: built by gcc 10.2.1 20210110 (Debian 10.2.1-6) 
2022/03/09 21:24:21 [notice] 1#1: OS: Linux 5.10.16.3-microsoft-standard-WSL2
2022/03/09 21:24:21 [notice] 1#1: getrlimit(RLIMIT_NOFILE): 1048576:1048576
2022/03/09 21:24:21 [notice] 1#1: start worker processes
2022/03/09 21:24:21 [notice] 1#1: start worker process 31
2022/03/09 21:24:21 [notice] 1#1: start worker process 32
2022/03/09 21:24:21 [notice] 1#1: start worker process 33
2022/03/09 21:24:21 [notice] 1#1: start worker process 34
2022/03/09 22:48:22 [notice] 1#1: signal 3 (SIGQUIT) received, shutting down
2022/03/09 22:48:22 [notice] 31#31: gracefully shutting down
2022/03/09 22:48:22 [notice] 32#32: gracefully shutting down
2022/03/09 22:48:22 [notice] 33#33: gracefully shutting down
2022/03/09 22:48:22 [notice] 34#34: gracefully shutting down
2022/03/09 22:48:22 [notice] 31#31: exiting
2022/03/09 22:48:22 [notice] 31#31: exit
2022/03/09 22:48:22 [notice] 33#33: exiting
2022/03/09 22:48:22 [notice] 32#32: exiting
2022/03/09 22:48:22 [notice] 33#33: exit
2022/03/09 22:48:22 [notice] 32#32: exit
2022/03/09 22:48:22 [notice] 34#34: exiting
2022/03/09 22:48:22 [notice] 34#34: exit
2022/03/09 22:48:22 [notice] 1#1: signal 17 (SIGCHLD) received from 31
2022/03/09 22:48:22 [notice] 1#1: worker process 31 exited with code 0
2022/03/09 22:48:22 [notice] 1#1: signal 29 (SIGIO) received
2022/03/09 22:48:22 [notice] 1#1: signal 17 (SIGCHLD) received from 34
2022/03/09 22:48:22 [notice] 1#1: worker process 32 exited with code 0
2022/03/09 22:48:22 [notice] 1#1: worker process 33 exited with code 0
2022/03/09 22:48:22 [notice] 1#1: worker process 34 exited with code 0
2022/03/09 22:48:22 [notice] 1#1: exit
2022/03/09 22:48:26 [notice] 1#1: using the "epoll" event method
2022/03/09 22:48:26 [notice] 1#1: nginx/1.21.6
2022/03/09 22:48:26 [notice] 1#1: built by gcc 10.2.1 20210110 (Debian 10.2.1-6) 
2022/03/09 22:48:26 [notice] 1#1: OS: Linux 5.10.16.3-microsoft-standard-WSL2
2022/03/09 22:48:26 [notice] 1#1: getrlimit(RLIMIT_NOFILE): 1048576:1048576
2022/03/09 22:48:26 [notice] 1#1: start worker processes
2022/03/09 22:48:26 [notice] 1#1: start worker process 30
2022/03/09 22:48:26 [notice] 1#1: start worker process 31
2022/03/09 22:48:26 [notice] 1#1: start worker process 32
2022/03/09 22:48:26 [notice] 1#1: start worker process 33
2022/03/09 22:48:31 [error] 30#30: *1 open() "/var/www/html/public404" failed (2: No such file or directory), client: 172.21.0.1, server: localhost, request: "GET / HTTP/1.1", host: "localhost"
2022/03/09 22:48:53 [error] 30#30: *1 open() "/var/www/html/public404" failed (2: No such file or directory), client: 172.21.0.1, server: localhost, request: "GET / HTTP/1.1", host: "localhost"
2022/03/09 22:49:48 [notice] 1#1: signal 3 (SIGQUIT) received, shutting down
2022/03/09 22:49:48 [notice] 30#30: gracefully shutting down
2022/03/09 22:49:48 [notice] 31#31: gracefully shutting down
2022/03/09 22:49:48 [notice] 32#32: gracefully shutting down
2022/03/09 22:49:48 [notice] 33#33: gracefully shutting down
2022/03/09 22:49:48 [notice] 30#30: exiting
2022/03/09 22:49:48 [notice] 30#30: exit
2022/03/09 22:49:48 [notice] 31#31: exiting
2022/03/09 22:49:48 [notice] 32#32: exiting
2022/03/09 22:49:48 [notice] 33#33: exiting
2022/03/09 22:49:48 [notice] 31#31: exit
2022/03/09 22:49:48 [notice] 32#32: exit
2022/03/09 22:49:48 [notice] 33#33: exit
2022/03/09 22:49:48 [notice] 1#1: signal 17 (SIGCHLD) received from 32
2022/03/09 22:49:48 [notice] 1#1: worker process 30 exited with code 0
2022/03/09 22:49:48 [notice] 1#1: worker process 32 exited with code 0
2022/03/09 22:49:48 [notice] 1#1: signal 29 (SIGIO) received
2022/03/09 22:49:48 [notice] 1#1: signal 17 (SIGCHLD) received from 30
2022/03/09 22:49:48 [notice] 1#1: signal 17 (SIGCHLD) received from 31
2022/03/09 22:49:48 [notice] 1#1: worker process 31 exited with code 0
2022/03/09 22:49:48 [notice] 1#1: signal 29 (SIGIO) received
2022/03/09 22:49:48 [notice] 1#1: signal 17 (SIGCHLD) received from 33
2022/03/09 22:49:48 [notice] 1#1: worker process 33 exited with code 0
2022/03/09 22:49:48 [notice] 1#1: exit
2022/03/09 22:49:50 [notice] 1#1: using the "epoll" event method
2022/03/09 22:49:50 [notice] 1#1: nginx/1.21.6
2022/03/09 22:49:50 [notice] 1#1: built by gcc 10.2.1 20210110 (Debian 10.2.1-6) 
2022/03/09 22:49:50 [notice] 1#1: OS: Linux 5.10.16.3-microsoft-standard-WSL2
2022/03/09 22:49:50 [notice] 1#1: getrlimit(RLIMIT_NOFILE): 1048576:1048576
2022/03/09 22:49:50 [notice] 1#1: start worker processes
2022/03/09 22:49:50 [notice] 1#1: start worker process 30
2022/03/09 22:49:50 [notice] 1#1: start worker process 31
2022/03/09 22:49:50 [notice] 1#1: start worker process 32
2022/03/09 22:49:50 [notice] 1#1: start worker process 33
2022/03/10 00:29:44 [notice] 1#1: signal 3 (SIGQUIT) received, shutting down
2022/03/10 00:29:44 [notice] 30#30: gracefully shutting down
2022/03/10 00:29:44 [notice] 31#31: gracefully shutting down
2022/03/10 00:29:44 [notice] 33#33: gracefully shutting down
2022/03/10 00:29:44 [notice] 32#32: gracefully shutting down
2022/03/10 00:29:44 [notice] 33#33: exiting
2022/03/10 00:29:44 [notice] 30#30: exiting
2022/03/10 00:29:44 [notice] 31#31: exiting
2022/03/10 00:29:44 [notice] 30#30: exit
2022/03/10 00:29:44 [notice] 31#31: exit
2022/03/10 00:29:44 [notice] 32#32: exiting
2022/03/10 00:29:44 [notice] 32#32: exit
2022/03/10 00:29:44 [notice] 33#33: exit
2022/03/10 00:29:44 [notice] 1#1: signal 17 (SIGCHLD) received from 31
2022/03/10 00:29:44 [notice] 1#1: worker process 31 exited with code 0
2022/03/10 00:29:44 [notice] 1#1: signal 29 (SIGIO) received
2022/03/10 00:29:44 [notice] 1#1: signal 17 (SIGCHLD) received from 32
2022/03/10 00:29:44 [notice] 1#1: worker process 32 exited with code 0
2022/03/10 00:29:44 [notice] 1#1: worker process 33 exited with code 0
2022/03/10 00:29:44 [notice] 1#1: signal 29 (SIGIO) received
2022/03/10 00:29:44 [notice] 1#1: signal 17 (SIGCHLD) received from 30
2022/03/10 00:29:44 [notice] 1#1: worker process 30 exited with code 0
2022/03/10 00:29:44 [notice] 1#1: exit
2022/03/10 00:30:57 [notice] 1#1: using the "epoll" event method
2022/03/10 00:30:57 [notice] 1#1: nginx/1.21.6
2022/03/10 00:30:57 [notice] 1#1: built by gcc 10.2.1 20210110 (Debian 10.2.1-6) 
2022/03/10 00:30:57 [notice] 1#1: OS: Linux 5.10.16.3-microsoft-standard-WSL2
2022/03/10 00:30:57 [notice] 1#1: getrlimit(RLIMIT_NOFILE): 1048576:1048576
2022/03/10 00:30:57 [notice] 1#1: start worker processes
2022/03/10 00:30:57 [notice] 1#1: start worker process 30
2022/03/10 00:30:57 [notice] 1#1: start worker process 31
2022/03/10 00:30:57 [notice] 1#1: start worker process 32
2022/03/10 00:30:57 [notice] 1#1: start worker process 33
2022/03/10 17:21:29 [notice] 1#1: signal 3 (SIGQUIT) received, shutting down
2022/03/10 17:21:29 [notice] 30#30: gracefully shutting down
2022/03/10 17:21:29 [notice] 31#31: gracefully shutting down
2022/03/10 17:21:29 [notice] 32#32: gracefully shutting down
2022/03/10 17:21:29 [notice] 33#33: gracefully shutting down
2022/03/10 17:21:29 [notice] 31#31: exiting
2022/03/10 17:21:29 [notice] 32#32: exiting
2022/03/10 17:21:29 [notice] 30#30: exiting
2022/03/10 17:21:29 [notice] 30#30: exit
2022/03/10 17:21:29 [notice] 33#33: exiting
2022/03/10 17:21:29 [notice] 33#33: exit
2022/03/10 17:21:29 [notice] 32#32: exit
2022/03/10 17:21:29 [notice] 31#31: exit
2022/03/10 17:21:30 [notice] 1#1: signal 17 (SIGCHLD) received from 33
2022/03/10 17:21:30 [notice] 1#1: worker process 30 exited with code 0
2022/03/10 17:21:30 [notice] 1#1: worker process 32 exited with code 0
2022/03/10 17:21:30 [notice] 1#1: worker process 33 exited with code 0
2022/03/10 17:21:30 [notice] 1#1: signal 29 (SIGIO) received
2022/03/10 17:21:30 [notice] 1#1: signal 17 (SIGCHLD) received from 32
2022/03/10 17:21:30 [notice] 1#1: signal 17 (SIGCHLD) received from 31
2022/03/10 17:21:30 [notice] 1#1: worker process 31 exited with code 0
2022/03/10 17:21:30 [notice] 1#1: exit
2022/03/15 22:27:22 [notice] 1#1: using the "epoll" event method
2022/03/15 22:27:22 [notice] 1#1: nginx/1.21.6
2022/03/15 22:27:22 [notice] 1#1: built by gcc 10.2.1 20210110 (Debian 10.2.1-6) 
2022/03/15 22:27:22 [notice] 1#1: OS: Linux 5.10.16.3-microsoft-standard-WSL2
2022/03/15 22:27:22 [notice] 1#1: getrlimit(RLIMIT_NOFILE): 1048576:1048576
2022/03/15 22:27:22 [notice] 1#1: start worker processes
2022/03/15 22:27:22 [notice] 1#1: start worker process 31
2022/03/15 22:27:22 [notice] 1#1: start worker process 32
2022/03/15 22:27:22 [notice] 1#1: start worker process 33
2022/03/15 22:27:22 [notice] 1#1: start worker process 34
2022/03/15 22:28:40 [error] 31#31: *1 directory index of "/var/www/public/" is forbidden, client: 172.23.0.1, server: localhost, request: "GET / HTTP/1.1", host: "localhost"
